<?xml version="1.0" encoding="UTF-8"?>
<!-- Generated by org.testng.reporters.JUnitReportReporter -->
<testsuite hostname="DESKTOP-2UIORBA" name="rest.api.playground.test.addproduct.test.AddProductTest" tests="1" failures="0" timestamp="19 Nov 2019 17:24:10 GMT" time="6.306" errors="0">
  <testcase name="fn_verify_post_Request" time="6.306" classname="rest.api.playground.test.addproduct.test.AddProductTest"/>
</testsuite> <!-- rest.api.playground.test.addproduct.test.AddProductTest -->
