<?xml version="1.0" encoding="UTF-8"?>
<!-- Generated by org.testng.reporters.JUnitReportReporter -->
<testsuite hostname="DESKTOP-2UIORBA" name="rest.api.playground.test.getproduct.GetProductTest" tests="1" failures="0" timestamp="17 Nov 2019 17:26:05 GMT" time="3.261" errors="0">
  <testcase name="fn_verify_getRequest" time="3.261" classname="rest.api.playground.test.getproduct.GetProductTest"/>
</testsuite> <!-- rest.api.playground.test.getproduct.GetProductTest -->
