<?xml version="1.0" encoding="UTF-8"?>
<!-- Generated by org.testng.reporters.JUnitReportReporter -->
<testsuite hostname="DESKTOP-2UIORBA" name="rest.api.playground.test.getproduct.GetProductTest" tests="1" failures="0" timestamp="18 Nov 2019 17:12:00 GMT" time="65.146" errors="0">
  <testcase name="fn_verify_getRequest_with_query_parameters" time="65.146" classname="rest.api.playground.test.getproduct.GetProductTest"/>
</testsuite> <!-- rest.api.playground.test.getproduct.GetProductTest -->
