<?xml version="1.0" encoding="UTF-8"?>
<!-- Generated by org.testng.reporters.JUnitReportReporter -->
<testsuite hostname="DESKTOP-2UIORBA" name="rest.api.playground.test.getproduct.GetProductTest" tests="1" failures="0" timestamp="15 Oct 2019 19:19:14 GMT" time="3.188" errors="0">
  <testcase name="fn_verify_login" time="3.188" classname="rest.api.playground.test.getproduct.GetProductTest"/>
</testsuite> <!-- rest.api.playground.test.getproduct.GetProductTest -->
