<?xml version="1.0" encoding="UTF-8"?>
<!-- Generated by org.testng.reporters.JUnitReportReporter -->
<testsuite hostname="DESKTOP-2UIORBA" name="rest.api.playground.test.getproduct.GetProductTest" tests="2" failures="0" timestamp="19 Oct 2019 09:39:48 GMT" time="61.736" errors="0">
  <testcase name="fn_verify_login" time="60.463" classname="rest.api.playground.test.getproduct.GetProductTest"/>
  <testcase name="fn_verify_getRequest" time="1.273" classname="rest.api.playground.test.getproduct.GetProductTest"/>
</testsuite> <!-- rest.api.playground.test.getproduct.GetProductTest -->
