<?xml version="1.0" encoding="UTF-8"?>
<!-- Generated by org.testng.reporters.JUnitReportReporter -->
<testsuite ignored="0" hostname="DESKTOP-A31N17G" failures="0" tests="1" name="rest.api.playground.test.getproduct.GetProductTest" time="42.688" errors="0" timestamp="15 Apr 2020 08:19:20 GMT" skipped="0">
  <testcase classname="rest.api.playground.test.getproduct.GetProductTest" name="fn_verify_the_statusCode_of_getProduct" time="42.688"/>
</testsuite> <!-- rest.api.playground.test.getproduct.GetProductTest -->
