<?xml version="1.0" encoding="UTF-8"?>
<!-- Generated by org.testng.reporters.JUnitReportReporter -->
<testsuite ignored="0" hostname="DESKTOP-A31N17G" failures="0" tests="1" name="rest.api.playground.test.addproduct.test.AddProductTest" time="2.432" errors="0" timestamp="22 Apr 2020 18:00:16 GMT" skipped="0">
  <testcase classname="rest.api.playground.test.addproduct.test.AddProductTest" name="fn_verify_postRequest_using_json_simple_lib" time="2.432"/>
</testsuite> <!-- rest.api.playground.test.addproduct.test.AddProductTest -->
