<?xml version="1.0" encoding="UTF-8"?>
<!-- Generated by org.testng.reporters.JUnitReportReporter -->
<testsuite ignored="0" hostname="DESKTOP-A31N17G" failures="0" tests="1" name="rest.api.playground.test.addproduct.test.AddProductTest" time="10.101" errors="0" timestamp="18 Jul 2020 19:55:40 GMT" skipped="0">
  <testcase classname="rest.api.playground.test.addproduct.test.AddProductTest" name="fn_verify_postRequest_using_json_simple_lib" time="10.101"/>
</testsuite> <!-- rest.api.playground.test.addproduct.test.AddProductTest -->
