<?xml version="1.0" encoding="UTF-8"?>
<!-- Generated by org.testng.reporters.JUnitReportReporter -->
<testsuite ignored="0" hostname="DESKTOP-A31N17G" failures="0" tests="2" name="rest.api.playground.test.getproduct.GetProductTest" time="4.855" errors="0" timestamp="16 Apr 2020 20:02:04 GMT" skipped="0">
  <testcase classname="rest.api.playground.test.getproduct.GetProductTest" name="fn_verify_the_statusCode_of_getProduct" time="4.083"/>
  <testcase classname="rest.api.playground.test.getproduct.GetProductTest" name="fn_validate_the_headers_of_getProductAPI" time="0.772"/>
</testsuite> <!-- rest.api.playground.test.getproduct.GetProductTest -->
